<?xml version="1.0" encoding="UTF-8"?>
<testsuite name="com.neutrinosvs.blackjack.CardTest" tests="1" skipped="0" failures="0" errors="0" timestamp="2023-07-11T15:22:40" hostname="LAPTOP-M7AQITAN" time="0.015">
  <properties/>
  <testcase name="canGetValueAtCard()" classname="com.neutrinosvs.blackjack.CardTest" time="0.015"/>
  <system-out><![CDATA[com.neutrinosvs.blackjack.Card@3feb2dda
]]></system-out>
  <system-err><![CDATA[]]></system-err>
</testsuite>
